<?xml version="1.0" encoding="UTF-8"?>
<!-- Generated by org.testng.reporters.JUnitReportReporter -->
<testsuite name="com.Google.testcases.GoogleHomePageTest" tests="1" time="0.017" ignored="0" failures="0" timestamp="19 Aug 2018 17:48:30 GMT" skipped="0" hostname="sov.local" errors="0">
  <testcase name="verifyGoogleSearch" time="0.017" classname="com.Google.testcases.GoogleHomePageTest"/>
</testsuite> <!-- com.Google.testcases.GoogleHomePageTest -->
