<?xml version="1.0" encoding="UTF-8"?>
<!-- Generated by org.testng.reporters.JUnitReportReporter -->
<testsuite name="com.Dropbox.testcases.DroboxTestCases" tests="6" time="50.805" ignored="0" failures="0" timestamp="05 Sep 2018 10:39:51 GMT" skipped="0" hostname="sov-2.local" errors="0">
  <testcase name="verifyCreateFolder" time="19.147" classname="com.Dropbox.testcases.DroboxTestCases"/>
  <testcase name="verifyDropboxLogin" time="0.570" classname="com.Dropbox.testcases.DroboxTestCases"/>
  <testcase name="verifyBlankEmailIdError" time="5.801" classname="com.Dropbox.testcases.DroboxTestCases"/>
  <testcase name="verifyDropboxUpload" time="19.508" classname="com.Dropbox.testcases.DroboxTestCases"/>
  <testcase name="verifyInvalidEmailPasswordError" time="2.580" classname="com.Dropbox.testcases.DroboxTestCases"/>
  <testcase name="verifyDrobboxLogout" time="3.199" classname="com.Dropbox.testcases.DroboxTestCases"/>
</testsuite> <!-- com.Dropbox.testcases.DroboxTestCases -->
